{"/home/anisgh/dev/interview/graneet/exercice-algo/src/3Pic.js": {"path":"/home/anisgh/dev/interview/graneet/exercice-algo/src/3Pic.js","statementMap":{"0":{"start":{"line":1,"column":18},"end":{"line":19,"column":1}},"1":{"start":{"line":2,"column":2},"end":{"line":2,"column":18}},"2":{"start":{"line":3,"column":2},"end":{"line":3,"column":15}},"3":{"start":{"line":4,"column":2},"end":{"line":4,"column":16}},"4":{"start":{"line":5,"column":2},"end":{"line":5,"column":21}},"5":{"start":{"line":7,"column":2},"end":{"line":7,"column":8}},"6":{"start":{"line":8,"column":2},"end":{"line":8,"column":8}},"7":{"start":{"line":9,"column":2},"end":{"line":17,"column":3}},"8":{"start":{"line":10,"column":4},"end":{"line":14,"column":5}},"9":{"start":{"line":11,"column":6},"end":{"line":11,"column":43}},"10":{"start":{"line":13,"column":6},"end":{"line":13,"column":43}},"11":{"start":{"line":15,"column":4},"end":{"line":15,"column":8}},"12":{"start":{"line":16,"column":4},"end":{"line":16,"column":8}},"13":{"start":{"line":18,"column":2},"end":{"line":18,"column":13}},"14":{"start":{"line":21,"column":0},"end":{"line":21,"column":27}}},"fnMap":{"0":{"name":"(anonymous_0)","decl":{"start":{"line":1,"column":18},"end":{"line":1,"column":19}},"loc":{"start":{"line":1,"column":25},"end":{"line":19,"column":1}},"line":1}},"branchMap":{"0":{"loc":{"start":{"line":9,"column":9},"end":{"line":9,"column":31}},"type":"binary-expr","locations":[{"start":{"line":9,"column":9},"end":{"line":9,"column":18}},{"start":{"line":9,"column":22},"end":{"line":9,"column":31}}],"line":9},"1":{"loc":{"start":{"line":10,"column":4},"end":{"line":14,"column":5}},"type":"if","locations":[{"start":{"line":10,"column":4},"end":{"line":14,"column":5}},{"start":{"line":10,"column":4},"end":{"line":14,"column":5}}],"line":10}},"s":{"0":1,"1":2,"2":2,"3":2,"4":2,"5":2,"6":2,"7":2,"8":5,"9":4,"10":1,"11":5,"12":5,"13":2,"14":1},"f":{"0":2},"b":{"0":[7,5],"1":[4,1]},"_coverageSchema":"1a1c01bbd47fc00a2c39e90264f33305004495a9","hash":"e7ceb3047e55013dabdf91a5792d5c64fa08726f"}
,"/home/anisgh/dev/interview/graneet/exercice-algo/src/rendArgent.js": {"path":"/home/anisgh/dev/interview/graneet/exercice-algo/src/rendArgent.js","statementMap":{"0":{"start":{"line":1,"column":21},"end":{"line":1,"column":52}},"1":{"start":{"line":3,"column":19},"end":{"line":28,"column":1}},"2":{"start":{"line":4,"column":2},"end":{"line":4,"column":24}},"3":{"start":{"line":5,"column":2},"end":{"line":5,"column":19}},"4":{"start":{"line":6,"column":2},"end":{"line":6,"column":8}},"5":{"start":{"line":7,"column":2},"end":{"line":12,"column":3}},"6":{"start":{"line":7,"column":15},"end":{"line":7,"column":16}},"7":{"start":{"line":8,"column":4},"end":{"line":11,"column":5}},"8":{"start":{"line":9,"column":6},"end":{"line":9,"column":23}},"9":{"start":{"line":10,"column":6},"end":{"line":10,"column":12}},"10":{"start":{"line":13,"column":2},"end":{"line":25,"column":3}},"11":{"start":{"line":14,"column":4},"end":{"line":18,"column":5}},"12":{"start":{"line":15,"column":6},"end":{"line":15,"column":10}},"13":{"start":{"line":16,"column":6},"end":{"line":16,"column":19}},"14":{"start":{"line":17,"column":6},"end":{"line":17,"column":12}},"15":{"start":{"line":19,"column":4},"end":{"line":24,"column":5}},"16":{"start":{"line":20,"column":6},"end":{"line":20,"column":10}},"17":{"start":{"line":21,"column":6},"end":{"line":21,"column":34}},"18":{"start":{"line":23,"column":6},"end":{"line":23,"column":15}},"19":{"start":{"line":27,"column":2},"end":{"line":27,"column":25}},"20":{"start":{"line":31,"column":0},"end":{"line":31,"column":28}}},"fnMap":{"0":{"name":"(anonymous_0)","decl":{"start":{"line":3,"column":19},"end":{"line":3,"column":20}},"loc":{"start":{"line":3,"column":29},"end":{"line":28,"column":1}},"line":3}},"branchMap":{"0":{"loc":{"start":{"line":8,"column":4},"end":{"line":11,"column":5}},"type":"if","locations":[{"start":{"line":8,"column":4},"end":{"line":11,"column":5}},{"start":{"line":8,"column":4},"end":{"line":11,"column":5}}],"line":8},"1":{"loc":{"start":{"line":14,"column":4},"end":{"line":18,"column":5}},"type":"if","locations":[{"start":{"line":14,"column":4},"end":{"line":18,"column":5}},{"start":{"line":14,"column":4},"end":{"line":18,"column":5}}],"line":14},"2":{"loc":{"start":{"line":19,"column":4},"end":{"line":24,"column":5}},"type":"if","locations":[{"start":{"line":19,"column":4},"end":{"line":24,"column":5}},{"start":{"line":19,"column":4},"end":{"line":24,"column":5}}],"line":19},"3":{"loc":{"start":{"line":27,"column":9},"end":{"line":27,"column":24}},"type":"cond-expr","locations":[{"start":{"line":27,"column":18},"end":{"line":27,"column":19}},{"start":{"line":27,"column":22},"end":{"line":27,"column":24}}],"line":27}},"s":{"0":1,"1":1,"2":4,"3":4,"4":4,"5":4,"6":4,"7":30,"8":1,"9":1,"10":4,"11":39,"12":2,"13":2,"14":2,"15":37,"16":20,"17":20,"18":17,"19":4,"20":1},"f":{"0":4},"b":{"0":[1,29],"1":[2,37],"2":[20,17],"3":[2,2]},"_coverageSchema":"1a1c01bbd47fc00a2c39e90264f33305004495a9","hash":"c8952b3552639b3138a256cf714d2e24a318a456"}
,"/home/anisgh/dev/interview/graneet/exercice-algo/src/zeroAndOnes.js": {"path":"/home/anisgh/dev/interview/graneet/exercice-algo/src/zeroAndOnes.js","statementMap":{"0":{"start":{"line":1,"column":18},"end":{"line":23,"column":1}},"1":{"start":{"line":2,"column":2},"end":{"line":2,"column":23}},"2":{"start":{"line":2,"column":14},"end":{"line":2,"column":23}},"3":{"start":{"line":3,"column":2},"end":{"line":3,"column":13}},"4":{"start":{"line":4,"column":2},"end":{"line":7,"column":3}},"5":{"start":{"line":5,"column":4},"end":{"line":5,"column":22}},"6":{"start":{"line":6,"column":4},"end":{"line":6,"column":26}},"7":{"start":{"line":9,"column":2},"end":{"line":9,"column":12}},"8":{"start":{"line":10,"column":2},"end":{"line":10,"column":15}},"9":{"start":{"line":12,"column":2},"end":{"line":21,"column":3}},"10":{"start":{"line":12,"column":15},"end":{"line":12,"column":16}},"11":{"start":{"line":13,"column":4},"end":{"line":20,"column":5}},"12":{"start":{"line":14,"column":6},"end":{"line":14,"column":14}},"13":{"start":{"line":16,"column":6},"end":{"line":18,"column":7}},"14":{"start":{"line":17,"column":8},"end":{"line":17,"column":25}},"15":{"start":{"line":19,"column":6},"end":{"line":19,"column":16}},"16":{"start":{"line":22,"column":2},"end":{"line":22,"column":18}},"17":{"start":{"line":25,"column":0},"end":{"line":25,"column":27}}},"fnMap":{"0":{"name":"(anonymous_0)","decl":{"start":{"line":1,"column":18},"end":{"line":1,"column":19}},"loc":{"start":{"line":1,"column":25},"end":{"line":23,"column":1}},"line":1}},"branchMap":{"0":{"loc":{"start":{"line":2,"column":2},"end":{"line":2,"column":23}},"type":"if","locations":[{"start":{"line":2,"column":2},"end":{"line":2,"column":23}},{"start":{"line":2,"column":2},"end":{"line":2,"column":23}}],"line":2},"1":{"loc":{"start":{"line":13,"column":4},"end":{"line":20,"column":5}},"type":"if","locations":[{"start":{"line":13,"column":4},"end":{"line":20,"column":5}},{"start":{"line":13,"column":4},"end":{"line":20,"column":5}}],"line":13},"2":{"loc":{"start":{"line":16,"column":6},"end":{"line":18,"column":7}},"type":"if","locations":[{"start":{"line":16,"column":6},"end":{"line":18,"column":7}},{"start":{"line":16,"column":6},"end":{"line":18,"column":7}}],"line":16}},"s":{"0":1,"1":3,"2":1,"3":2,"4":2,"5":33,"6":33,"7":2,"8":2,"9":2,"10":2,"11":33,"12":11,"13":22,"14":17,"15":22,"16":2,"17":1},"f":{"0":3},"b":{"0":[1,2],"1":[11,22],"2":[17,5]},"_coverageSchema":"1a1c01bbd47fc00a2c39e90264f33305004495a9","hash":"3fe9cfd3b6d0d689bea074d150172ba2abf6bbdd"}
,"/home/anisgh/dev/interview/graneet/exercice-algo/src/utils/decimalCount.js": {"path":"/home/anisgh/dev/interview/graneet/exercice-algo/src/utils/decimalCount.js","statementMap":{"0":{"start":{"line":1,"column":21},"end":{"line":10,"column":1}},"1":{"start":{"line":3,"column":17},"end":{"line":3,"column":28}},"2":{"start":{"line":5,"column":2},"end":{"line":7,"column":3}},"3":{"start":{"line":6,"column":4},"end":{"line":6,"column":39}},"4":{"start":{"line":9,"column":2},"end":{"line":9,"column":11}},"5":{"start":{"line":12,"column":0},"end":{"line":12,"column":30}}},"fnMap":{"0":{"name":"(anonymous_0)","decl":{"start":{"line":1,"column":21},"end":{"line":1,"column":22}},"loc":{"start":{"line":1,"column":30},"end":{"line":10,"column":1}},"line":1}},"branchMap":{"0":{"loc":{"start":{"line":5,"column":2},"end":{"line":7,"column":3}},"type":"if","locations":[{"start":{"line":5,"column":2},"end":{"line":7,"column":3}},{"start":{"line":5,"column":2},"end":{"line":7,"column":3}}],"line":5}},"s":{"0":1,"1":4,"2":4,"3":4,"4":0,"5":1},"f":{"0":4},"b":{"0":[4,0]},"_coverageSchema":"1a1c01bbd47fc00a2c39e90264f33305004495a9","hash":"cbe2268b7df2a917dc4d2166b4ecc10ca1a8992f"}
}
