TN:
SF:src/3Pic.js
FN:1,(anonymous_0)
FNF:1
FNH:1
FNDA:2,(anonymous_0)
DA:1,1
DA:2,2
DA:3,2
DA:4,2
DA:5,2
DA:7,2
DA:8,2
DA:9,2
DA:10,5
DA:11,4
DA:13,1
DA:15,5
DA:16,5
DA:18,2
DA:21,1
LF:15
LH:15
BRDA:9,0,0,7
BRDA:9,0,1,5
BRDA:10,1,0,4
BRDA:10,1,1,1
BRF:4
BRH:4
end_of_record
TN:
SF:src/rendArgent.js
FN:3,(anonymous_0)
FNF:1
FNH:1
FNDA:4,(anonymous_0)
DA:1,1
DA:3,1
DA:4,4
DA:5,4
DA:6,4
DA:7,4
DA:8,30
DA:9,1
DA:10,1
DA:13,4
DA:14,39
DA:15,2
DA:16,2
DA:17,2
DA:19,37
DA:20,20
DA:21,20
DA:23,17
DA:27,4
DA:31,1
LF:20
LH:20
BRDA:8,0,0,1
BRDA:8,0,1,29
BRDA:14,1,0,2
BRDA:14,1,1,37
BRDA:19,2,0,20
BRDA:19,2,1,17
BRDA:27,3,0,2
BRDA:27,3,1,2
BRF:8
BRH:8
end_of_record
TN:
SF:src/zeroAndOnes.js
FN:1,(anonymous_0)
FNF:1
FNH:1
FNDA:3,(anonymous_0)
DA:1,1
DA:2,3
DA:3,2
DA:4,2
DA:5,33
DA:6,33
DA:9,2
DA:10,2
DA:12,2
DA:13,33
DA:14,11
DA:16,22
DA:17,17
DA:19,22
DA:22,2
DA:25,1
LF:16
LH:16
BRDA:2,0,0,1
BRDA:2,0,1,2
BRDA:13,1,0,11
BRDA:13,1,1,22
BRDA:16,2,0,17
BRDA:16,2,1,5
BRF:6
BRH:6
end_of_record
TN:
SF:src/utils/decimalCount.js
FN:1,(anonymous_0)
FNF:1
FNH:1
FNDA:4,(anonymous_0)
DA:1,1
DA:3,4
DA:5,4
DA:6,4
DA:9,0
DA:12,1
LF:6
LH:5
BRDA:5,0,0,4
BRDA:5,0,1,0
BRF:2
BRH:1
end_of_record
